d:\universidad de talca\desarrollos\uframework\visualstudio\microframework\microframework\release\microframework.pch
d:\universidad de talca\desarrollos\uframework\visualstudio\microframework\microframework\release\vc142.pdb
d:\universidad de talca\desarrollos\uframework\visualstudio\microframework\microframework\release\pch.obj
d:\universidad de talca\desarrollos\uframework\visualstudio\microframework\microframework\release\uframework.obj
d:\universidad de talca\desarrollos\uframework\visualstudio\microframework\microframework\release\spritepool.obj
d:\universidad de talca\desarrollos\uframework\visualstudio\microframework\microframework\release\sprite.obj
d:\universidad de talca\desarrollos\uframework\visualstudio\microframework\microframework\release\point.obj
d:\universidad de talca\desarrollos\uframework\visualstudio\microframework\microframework\release\objectpool.obj
d:\universidad de talca\desarrollos\uframework\visualstudio\microframework\microframework\release\object.obj
d:\universidad de talca\desarrollos\uframework\visualstudio\microframework\microframework\release\logger.obj
d:\universidad de talca\desarrollos\uframework\visualstudio\microframework\microframework\release\keyboardmapper.obj
d:\universidad de talca\desarrollos\uframework\visualstudio\microframework\microframework\release\imagemanager.obj
d:\universidad de talca\desarrollos\uframework\visualstudio\microframework\microframework\release\frameworkwindow.obj
d:\universidad de talca\desarrollos\uframework\visualstudio\microframework\microframework\release\dllmain.obj
d:\universidad de talca\desarrollos\uframework\visualstudio\microframework\microframework\release\bounds.obj
d:\universidad de talca\desarrollos\uframework\visualstudio\microframework\release\microframework.dll
d:\universidad de talca\desarrollos\uframework\visualstudio\microframework\release\microframework.pdb
d:\universidad de talca\desarrollos\uframework\visualstudio\microframework\release\microframework.lib
d:\universidad de talca\desarrollos\uframework\visualstudio\microframework\release\microframework.exp
d:\universidad de talca\desarrollos\uframework\visualstudio\microframework\release\microframework.ipdb
d:\universidad de talca\desarrollos\uframework\visualstudio\microframework\release\microframework.iobj
d:\universidad de talca\desarrollos\uframework\visualstudio\microframework\microframework\release\microframework.tlog\cl.command.1.tlog
d:\universidad de talca\desarrollos\uframework\visualstudio\microframework\microframework\release\microframework.tlog\cl.read.1.tlog
d:\universidad de talca\desarrollos\uframework\visualstudio\microframework\microframework\release\microframework.tlog\cl.write.1.tlog
d:\universidad de talca\desarrollos\uframework\visualstudio\microframework\microframework\release\microframework.tlog\link.command.1.tlog
d:\universidad de talca\desarrollos\uframework\visualstudio\microframework\microframework\release\microframework.tlog\link.read.1.tlog
d:\universidad de talca\desarrollos\uframework\visualstudio\microframework\microframework\release\microframework.tlog\link.write.1.tlog
d:\universidad de talca\desarrollos\uframework\visualstudio\microframework\microframework\release\microframework.tlog\microframework.write.1u.tlog
