  pch.cpp
  Bounds.cpp
  dllmain.cpp
  FrameworkWindow.cpp
  ImageManager.cpp
  KeyboardMapper.cpp
  Logger.cpp
  Object.cpp
  ObjectPool.cpp
  Point.cpp
  Sprite.cpp
  SpritePool.cpp
  uframework.cpp
     Creando biblioteca C:\Users\Pablo Rojas\Desktop\Repositorios\uFramework\VisualStudio\MicroFramework\Release\MicroFramework.lib y objeto C:\Users\Pablo Rojas\Desktop\Repositorios\uFramework\VisualStudio\MicroFramework\Release\MicroFramework.exp
  Generando código
  Previous IPDB not found, fall back to full compilation.
C:\Users\Pablo Rojas\Desktop\Repositorios\uFramework\VisualStudio\MicroFramework\MicroFramework\uframework.cpp(150): warning C4715: 'erase_by_tag': no todas las rutas de acceso de control devuelven un valor
C:\Users\Pablo Rojas\Desktop\Repositorios\uFramework\VisualStudio\MicroFramework\MicroFramework\uframework.cpp(145): warning C4715: 'erase_by_index': no todas las rutas de acceso de control devuelven un valor
  All 1236 functions were compiled because no usable IPDB/IOBJ from previous compilation was found.
  Generación de código finalizada
  MicroFramework.vcxproj -> C:\Users\Pablo Rojas\Desktop\Repositorios\uFramework\VisualStudio\MicroFramework\Release\MicroFramework.dll
  C:\Users\Pablo Rojas\Desktop\Repositorios\uFramework\VisualStudio\MicroFramework\Release\MicroFramework.dll
  C:\Users\Pablo Rojas\Desktop\Repositorios\uFramework\VisualStudio\MicroFramework\Release\MicroFramework.exp
  C:\Users\Pablo Rojas\Desktop\Repositorios\uFramework\VisualStudio\MicroFramework\Release\MicroFramework.lib
  C:\Users\Pablo Rojas\Desktop\Repositorios\uFramework\VisualStudio\MicroFramework\Release\MicroFramework.pdb
  4 archivo(s) copiado(s)
  C:\Users\Pablo Rojas\Desktop\Repositorios\uFramework\VisualStudio\MicroFramework\Release\MicroFramework.dll
  1 archivo(s) copiado(s)
  C:\Users\Pablo Rojas\Desktop\Repositorios\uFramework\VisualStudio\MicroFramework\MicroFramework\uframework.h
  1 archivo(s) copiado(s)
  C:\Users\Pablo Rojas\Desktop\Repositorios\uFramework\VisualStudio\MicroFramework\..\..\Libreria\bin\MicroFramework.dll
  1 archivo(s) copiado(s)
